<?xml version="1.0" encoding="UTF-8"?>
<!-- Generated by org.testng.reporters.JUnitReportReporter -->
<testsuite hostname="LAPTOP-DHR1V4R7" failures="0" tests="1" name="testCases.LoginScreener" time="12.492" errors="0" timestamp="2021-08-11T15:36:24 IST" skipped="0">
  <testcase classname="testCases.LoginScreener" name="loginToScreener" time="12.492"/>
  <system-out/>
</testsuite> <!-- testCases.LoginScreener -->
