<?xml version="1.0" encoding="UTF-8"?>
<!-- Generated by org.testng.reporters.JUnitReportReporter -->
<testsuite hostname="LAPTOP-DHR1V4R7" failures="0" tests="3" name="testCases.LargeCapTest" time="12.200" errors="0" timestamp="2021-08-14T15:20:55 IST" skipped="0">
  <testcase classname="testCases.LargeCapTest" name="largeCapTest" time="3.562"/>
  <system-out/>
  <testcase classname="testCases.LargeCapTest" name="largeCapTest" time="4.644"/>
  <system-out/>
  <testcase classname="testCases.LargeCapTest" name="largeCapTest" time="3.994"/>
  <system-out/>
</testsuite> <!-- testCases.LargeCapTest -->
