<?xml version="1.0" encoding="UTF-8"?>
<!-- Generated by org.testng.reporters.JUnitReportReporter -->
<testsuite hostname="LAPTOP-DHR1V4R7" failures="0" tests="1" name="testCases.CreateScreenerTest" time="8.461" errors="0" timestamp="2022-03-18T15:13:56 IST" skipped="0">
  <testcase classname="testCases.CreateScreenerTest" name="createScan" time="8.461"/>
  <system-out/>
</testsuite> <!-- testCases.CreateScreenerTest -->
